
> frontend@0.0.0 dev
> vite


  [32m[1mVITE[22m v8.0.8[39m  [2mready in [0m[1m698[22m[2m[0m ms[22m

  [32m➜[39m  [1mLocal[22m:   [36mhttp://localhost:[1m5173[22m/[39m
[2m  [32m➜[39m  [1mNetwork[22m[2m: use [22m[1m--host[22m[2m to expose[22m
[2m19.24.46[22m [36m[1m[vite][22m[39m [90m[2m(client)[22m[39m [32mpage reload [39m[2mindex.html[22m
[2m19.26.43[22m [36m[1m[vite][22m[39m [90m[2m(client)[22m[39m [32mhmr update [39m[2m/src/App.tsx, /src/index.css[22m
[2m19.27.06[22m [36m[1m[vite][22m[39m [90m[2m(client)[22m[39m [32mhmr update [39m[2m/src/components/FilterTab.tsx, /src/index.css[22m
[2m19.53.48[22m [36m[1m[vite][22m[39m [90m[2m(client)[22m[39m [32mpage reload [39m[2mindex.html[22m
[2m19.54.07[22m [36m[1m[vite][22m[39m [90m[2m(client)[22m[39m [32mhmr update [39m[2m/src/App.tsx, /src/index.css[22m
[2m19.56.24[22m [36m[1m[vite][22m[39m [90m[2m(client)[22m[39m [32mhmr update [39m[2m/src/App.tsx, /src/index.css[22m
[2m19.58.01[22m [36m[1m[vite][22m[39m [90m[2m(client)[22m[39m [32mpage reload [39m[2mindex.html[22m
[2m20.35.23[22m [36m[1m[vite][22m[39m [90m[2m(client)[22m[39m [32mhmr update [39m[2m/src/App.tsx, /src/index.css[22m
[2m20.35.54[22m [36m[1m[vite][22m[39m [90m[2m(client)[22m[39m [32mhmr update [39m[2m/src/App.tsx, /src/index.css[22m
[2m20.35.59[22m [36m[1m[vite][22m[39m [90m[2m(client)[22m[39m [32mhmr update [39m[2m/src/App.tsx, /src/index.css[22m
[2m20.36.05[22m [36m[1m[vite][22m[39m [90m[2m(client)[22m[39m [32mhmr update [39m[2m/src/App.tsx, /src/index.css[22m
[2m20.57.26[22m [36m[1m[vite][22m[39m [90m[2m(client)[22m[39m [32mhmr update [39m[2m/src/App.tsx, /src/index.css[22m
[2m21.42.32[22m [36m[1m[vite][22m[39m [90m[2m(client)[22m[39m [32mhmr update [39m[2m/src/App.tsx, /src/index.css[22m
[2m21.42.59[22m [36m[1m[vite][22m[39m [90m[2m(client)[22m[39m [32mhmr update [39m[2m/src/App.tsx, /src/index.css[22m
[2m21.43.06[22m [36m[1m[vite][22m[39m [90m[2m(client)[22m[39m [32mhmr update [39m[2m/src/App.tsx, /src/index.css[22m
[2m21.43.11[22m [36m[1m[vite][22m[39m [90m[2m(client)[22m[39m [32mhmr update [39m[2m/src/App.tsx, /src/index.css[22m
[2m23.39.32[22m [36m[1m[vite][22m[39m [90m[2m(client)[22m[39m [32mhmr update [39m[2m/src/App.tsx, /src/index.css[22m
[2m23.40.16[22m [36m[1m[vite][22m[39m [90m[2m(client)[22m[39m [32mhmr update [39m[2m/src/App.tsx, /src/components/FilterTab.tsx, /src/index.css[22m
[2m23.41.15[22m [36m[1m[vite][22m[39m [90m[2m(client)[22m[39m [32mhmr update [39m[2m/src/index.css[22m
[2m23.43.01[22m [36m[1m[vite][22m[39m [90m[2m(client)[22m[39m [32mhmr update [39m[2m/src/App.tsx, /src/index.css[22m
[2m23.43.37[22m [36m[1m[vite][22m[39m [90m[2m(client)[22m[39m [32mhmr update [39m[2m/src/App.tsx, /src/index.css[22m
[2m23.47.05[22m [36m[1m[vite][22m[39m [90m[2m(client)[22m[39m [32mhmr update [39m[2m/src/App.tsx, /src/index.css[22m
[2m23.49.29[22m [36m[1m[vite][22m[39m [90m[2m(client)[22m[39m [32mhmr update [39m[2m/src/index.css[22m
[2m23.58.06[22m [36m[1m[vite][22m[39m [90m[2m(client)[22m[39m [32mhmr update [39m[2m/src/App.tsx, /src/index.css[22m
[2m23.59.09[22m [36m[1m[vite][22m[39m [90m[2m(client)[22m[39m [32mhmr update [39m[2m/src/App.tsx, /src/components/FilterTab.tsx, /src/index.css[22m
[2m23.59.39[22m [36m[1m[vite][22m[39m [90m[2m(client)[22m[39m [32mhmr update [39m[2m/src/App.tsx, /src/index.css[22m
[2m00.04.33[22m [36m[1m[vite][22m[39m [90m[2m(client)[22m[39m [32mhmr update [39m[2m/src/App.tsx, /src/index.css[22m
[2m00.04.54[22m [36m[1m[vite][22m[39m [90m[2m(client)[22m[39m [32mhmr update [39m[2m/src/index.css[22m
[2m00.05.24[22m [36m[1m[vite][22m[39m [90m[2m(client)[22m[39m [32mhmr update [39m[2m/src/App.tsx, /src/index.css[22m
[2m00.05.55[22m [36m[1m[vite][22m[39m [90m[2m(client)[22m[39m [32mhmr update [39m[2m/src/App.tsx, /src/index.css[22m
[2m00.54.43[22m [36m[1m[vite][22m[39m [90m[2m(client)[22m[39m [32mhmr update [39m[2m/src/App.tsx, /src/index.css[22m
[2m00.54.44[22m [31m[1m[vite][22m[39m [31m[2m(client)[22m[39m [31m[Unhandled error] [1mReferenceError[22m: statValueCells is not defined
[39m > src/App.tsx:894:28
    892 |                          {statRows.map((sr) => (
    893 |                            <tr key={`${row}-${sr.key}`} className="hover:bg-zinc-50 dark:hover:bg-zinc-800/30">
    894 |                              <td className="border border-zinc-200 dark:border-zinc-800 px-3 py-1 text-zinc-500 dark:t...
        |                              ^
    895 |                              {statValueCells(row, sr.key)}
    896 |                            </tr>
 > src/App.tsx:892:34
 > src/App.tsx:828:23
 > ResultTab src/App.tsx:826:41
 > Object.react_stack_bottom_frame node_modules/react-dom/cjs/react-dom-client.development.js:25904:19
 > renderWithHooks node_modules/react-dom/cjs/react-dom-client.development.js:7662:21
 > updateFunctionComponent node_modules/react-dom/cjs/react-dom-client.development.js:10166:18

[2m00.54.44[22m [33m[1m[vite][22m[39m [33m[2m(client)[22m[39m [2m[console.warn] [22mAn error occurred in the <ResultTab> component.

Consider adding an error boundary to your tree to customize error handling behavior.
Visit https://react.dev/link/error-boundaries to learn more about error boundaries.

[2m00.55.41[22m [36m[1m[vite][22m[39m [90m[2m(client)[22m[39m [32mhmr update [39m[2m/src/App.tsx, /src/index.css[22m
[2m00.55.56[22m [36m[1m[vite][22m[39m [90m[2m(client)[22m[39m [32mhmr update [39m[2m/src/App.tsx, /src/index.css[22m
[2m00.57.14[22m [31m[1m[vite][22m[39m [31m[2m(client)[22m[39m [31m[Unhandled error] [1mError[22m: Objects are not valid as a React child (found: object with keys {product/RAN00, product/RAN01, product/RAN02, product/RAN03, product/RAN04, Total}). If you meant to render a collection of children, use an array instead.
[39m > throwOnInvalidObjectTypeImpl node_modules/react-dom/cjs/react-dom-client.development.js:6099:12
 > throwOnInvalidObjectType node_modules/react-dom/cjs/react-dom-client.development.js:6113:10
 > reconcileChildFibersImpl node_modules/react-dom/cjs/react-dom-client.development.js:7058:10
 > node_modules/react-dom/cjs/react-dom-client.development.js:7098:32
 > reconcileChildren node_modules/react-dom/cjs/react-dom-client.development.js:9701:12
 > beginWork node_modules/react-dom/cjs/react-dom-client.development.js:12049:12
 > runWithFiberInDEV node_modules/react-dom/cjs/react-dom-client.development.js:871:29
 > performUnitOfWork node_modules/react-dom/cjs/react-dom-client.development.js:17641:21
 > workLoopSync node_modules/react-dom/cjs/react-dom-client.development.js:17469:40
 > renderRootSync node_modules/react-dom/cjs/react-dom-client.development.js:17450:10

[2m00.57.14[22m [33m[1m[vite][22m[39m [33m[2m(client)[22m[39m [2m[console.warn] [22mAn error occurred in the <td> component.

Consider adding an error boundary to your tree to customize error handling behavior.
Visit https://react.dev/link/error-boundaries to learn more about error boundaries.

[2m01.28.50[22m [36m[1m[vite][22m[39m [90m[2m(client)[22m[39m [32mhmr update [39m[2m/src/App.tsx, /src/index.css[22m
[2m01.29.01[22m [36m[1m[vite][22m[39m [90m[2m(client)[22m[39m [32mhmr update [39m[2m/src/App.tsx, /src/components/FilterTab.tsx, /src/index.css[22m
[2m01.29.07[22m [36m[1m[vite][22m[39m [90m[2m(client)[22m[39m [32mhmr update [39m[2m/src/App.tsx, /src/components/FilterTab.tsx, /src/index.css[22m
[2m01.29.44[22m [36m[1m[vite][22m[39m [90m[2m(client)[22m[39m [32mhmr update [39m[2m/src/App.tsx, /src/index.css[22m
[2m01.29.50[22m [36m[1m[vite][22m[39m [90m[2m(client)[22m[39m [32mhmr update [39m[2m/src/App.tsx, /src/index.css[22m
[2m01.30.11[22m [36m[1m[vite][22m[39m [90m[2m(client)[22m[39m [32mhmr update [39m[2m/src/App.tsx, /src/index.css[22m
[2m01.30.18[22m [36m[1m[vite][22m[39m [90m[2m(client)[22m[39m [32mhmr update [39m[2m/src/App.tsx, /src/index.css[22m
[2m01.30.30[22m [36m[1m[vite][22m[39m [90m[2m(client)[22m[39m [32mhmr update [39m[2m/src/App.tsx, /src/index.css[22m
[2m01.30.34[22m [36m[1m[vite][22m[39m [90m[2m(client)[22m[39m [32mhmr update [39m[2m/src/App.tsx, /src/index.css[22m
[2m01.30.43[22m [36m[1m[vite][22m[39m [90m[2m(client)[22m[39m [32mhmr update [39m[2m/src/App.tsx, /src/index.css[22m
[2m01.30.55[22m [36m[1m[vite][22m[39m [90m[2m(client)[22m[39m [32mhmr update [39m[2m/src/App.tsx, /src/index.css[22m
[2m01.31.03[22m [36m[1m[vite][22m[39m [90m[2m(client)[22m[39m [32mhmr update [39m[2m/src/App.tsx, /src/index.css[22m
[2m01.31.12[22m [36m[1m[vite][22m[39m [90m[2m(client)[22m[39m [32mhmr update [39m[2m/src/App.tsx, /src/index.css[22m
[2m01.32.07[22m [36m[1m[vite][22m[39m [90m[2m(client)[22m[39m [32mhmr update [39m[2m/src/App.tsx, /src/index.css[22m
[2m01.32.14[22m [36m[1m[vite][22m[39m [90m[2m(client)[22m[39m [32mhmr update [39m[2m/src/App.tsx, /src/index.css[22m
[2m01.37.54[22m [36m[1m[vite][22m[39m [90m[2m(client)[22m[39m [32mpage reload [39m[2mindex.html[22m
[2m01.37.58[22m [36m[1m[vite][22m[39m [90m[2m(client)[22m[39m [32mhmr update [39m[2m/src/App.tsx, /src/index.css[22m
[2m01.38.04[22m [36m[1m[vite][22m[39m [90m[2m(client)[22m[39m [32mhmr update [39m[2m/src/App.tsx, /src/components/FilterTab.tsx, /src/index.css[22m
[2m01.38.04[22m [36m[1m[vite][22m[39m [90m[2m(client)[22m[39m [32m✨ new dependencies optimized: [33mzustand/middleware[32m[39m
[2m01.38.11[22m [36m[1m[vite][22m[39m [90m[2m(client)[22m[39m [32mhmr update [39m[2m/src/App.tsx, /src/components/FilterTab.tsx, /src/index.css[22m
[2m01.38.17[22m [36m[1m[vite][22m[39m [90m[2m(client)[22m[39m [32mhmr update [39m[2m/src/App.tsx, /src/components/FilterTab.tsx, /src/index.css[22m
[2m01.38.17[22m [31m[1m[vite][22m[39m [31m[2m(client)[22m[39m Pre-transform error: Transform failed with 1 error:

[31m[PARSE_ERROR] Error:[0m Expected `,` or `)` but found `;`
     [38;5;246m╭[0m[38;5;246m─[0m[38;5;246m[[0m src/store/useStore.ts:248:4 [38;5;246m][0m
     [38;5;246m│[0m
 [38;5;246m 54 │[0m [38;5;249me[0m[38;5;249mx[0m[38;5;249mp[0m[38;5;249mo[0m[38;5;249mr[0m[38;5;249mt[0m[38;5;249m [0m[38;5;249mc[0m[38;5;249mo[0m[38;5;249mn[0m[38;5;249ms[0m[38;5;249mt[0m[38;5;249m [0m[38;5;249mu[0m[38;5;249ms[0m[38;5;249me[0m[38;5;249mS[0m[38;5;249mt[0m[38;5;249mo[0m[38;5;249mr[0m[38;5;249me[0m[38;5;249m [0m[38;5;249m=[0m[38;5;249m [0m[38;5;249mc[0m[38;5;249mr[0m[38;5;249me[0m[38;5;249ma[0m[38;5;249mt[0m[38;5;249me[0m[38;5;249m<[0m[38;5;249mA[0m[38;5;249mp[0m[38;5;249mp[0m[38;5;249mS[0m[38;5;249mt[0m[38;5;249ma[0m[38;5;249mt[0m[38;5;249me[0m[38;5;249m>[0m[38;5;249m([0m[38;5;249m)[0m([38;5;249mp[0m[38;5;249me[0m[38;5;249mr[0m[38;5;249ms[0m[38;5;249mi[0m[38;5;249ms[0m[38;5;249mt[0m[38;5;249m([0m[38;5;249m([0m[38;5;249ms[0m[38;5;249me[0m[38;5;249mt[0m[38;5;249m,[0m[38;5;249m [0m[38;5;249mg[0m[38;5;249me[0m[38;5;249mt[0m[38;5;249m)[0m[38;5;249m [0m[38;5;249m=[0m[38;5;249m>[0m[38;5;249m [0m[38;5;249m([0m[38;5;249m{[0m
 [38;5;240m    │[0m                                           ┬  
 [38;5;240m    │[0m                                           ╰── Opened here
 [38;5;240m    │[0m 
 [38;5;246m248 │[0m [38;5;249m}[0m[38;5;249m)[0m[38;5;249m)[0m;
 [38;5;240m    │[0m    ┬  
 [38;5;240m    │[0m    ╰── `,` or `)` expected
[38;5;246m─────╯[0m

  Plugin: [35mvite:oxc[39m
  File: [36mC:/Users/stvjr/Documents/tabulator/frontend/src/store/useStore.ts[39m
[2m01.38.17[22m [31m[1m[vite][22m[39m [31m[2m(client)[22m[39m Pre-transform error: Transform failed with 1 error:

[31m[PARSE_ERROR] Error:[0m Expected `,` or `)` but found `;`
     [38;5;246m╭[0m[38;5;246m─[0m[38;5;246m[[0m src/store/useStore.ts:248:4 [38;5;246m][0m
     [38;5;246m│[0m
 [38;5;246m 54 │[0m [38;5;249me[0m[38;5;249mx[0m[38;5;249mp[0m[38;5;249mo[0m[38;5;249mr[0m[38;5;249mt[0m[38;5;249m [0m[38;5;249mc[0m[38;5;249mo[0m[38;5;249mn[0m[38;5;249ms[0m[38;5;249mt[0m[38;5;249m [0m[38;5;249mu[0m[38;5;249ms[0m[38;5;249me[0m[38;5;249mS[0m[38;5;249mt[0m[38;5;249mo[0m[38;5;249mr[0m[38;5;249me[0m[38;5;249m [0m[38;5;249m=[0m[38;5;249m [0m[38;5;249mc[0m[38;5;249mr[0m[38;5;249me[0m[38;5;249ma[0m[38;5;249mt[0m[38;5;249me[0m[38;5;249m<[0m[38;5;249mA[0m[38;5;249mp[0m[38;5;249mp[0m[38;5;249mS[0m[38;5;249mt[0m[38;5;249ma[0m[38;5;249mt[0m[38;5;249me[0m[38;5;249m>[0m[38;5;249m([0m[38;5;249m)[0m([38;5;249mp[0m[38;5;249me[0m[38;5;249mr[0m[38;5;249ms[0m[38;5;249mi[0m[38;5;249ms[0m[38;5;249mt[0m[38;5;249m([0m[38;5;249m([0m[38;5;249ms[0m[38;5;249me[0m[38;5;249mt[0m[38;5;249m,[0m[38;5;249m [0m[38;5;249mg[0m[38;5;249me[0m[38;5;249mt[0m[38;5;249m)[0m[38;5;249m [0m[38;5;249m=[0m[38;5;249m>[0m[38;5;249m [0m[38;5;249m([0m[38;5;249m{[0m
 [38;5;240m    │[0m                                           ┬  
 [38;5;240m    │[0m                                           ╰── Opened here
 [38;5;240m    │[0m 
 [38;5;246m248 │[0m [38;5;249m}[0m[38;5;249m)[0m[38;5;249m)[0m;
 [38;5;240m    │[0m    ┬  
 [38;5;240m    │[0m    ╰── `,` or `)` expected
[38;5;246m─────╯[0m

  Plugin: [35mvite:oxc[39m
  File: [36mC:/Users/stvjr/Documents/tabulator/frontend/src/store/useStore.ts[39m
[2m01.38.17[22m [31m[1m[vite][22m[39m [31mInternal server error: Transform failed with 1 error:

[31m[PARSE_ERROR] Error:[0m Expected `,` or `)` but found `;`
     [38;5;246m╭[0m[38;5;246m─[0m[38;5;246m[[0m src/store/useStore.ts:248:4 [38;5;246m][0m
     [38;5;246m│[0m
 [38;5;246m 54 │[0m [38;5;249me[0m[38;5;249mx[0m[38;5;249mp[0m[38;5;249mo[0m[38;5;249mr[0m[38;5;249mt[0m[38;5;249m [0m[38;5;249mc[0m[38;5;249mo[0m[38;5;249mn[0m[38;5;249ms[0m[38;5;249mt[0m[38;5;249m [0m[38;5;249mu[0m[38;5;249ms[0m[38;5;249me[0m[38;5;249mS[0m[38;5;249mt[0m[38;5;249mo[0m[38;5;249mr[0m[38;5;249me[0m[38;5;249m [0m[38;5;249m=[0m[38;5;249m [0m[38;5;249mc[0m[38;5;249mr[0m[38;5;249me[0m[38;5;249ma[0m[38;5;249mt[0m[38;5;249me[0m[38;5;249m<[0m[38;5;249mA[0m[38;5;249mp[0m[38;5;249mp[0m[38;5;249mS[0m[38;5;249mt[0m[38;5;249ma[0m[38;5;249mt[0m[38;5;249me[0m[38;5;249m>[0m[38;5;249m([0m[38;5;249m)[0m([38;5;249mp[0m[38;5;249me[0m[38;5;249mr[0m[38;5;249ms[0m[38;5;249mi[0m[38;5;249ms[0m[38;5;249mt[0m[38;5;249m([0m[38;5;249m([0m[38;5;249ms[0m[38;5;249me[0m[38;5;249mt[0m[38;5;249m,[0m[38;5;249m [0m[38;5;249mg[0m[38;5;249me[0m[38;5;249mt[0m[38;5;249m)[0m[38;5;249m [0m[38;5;249m=[0m[38;5;249m>[0m[38;5;249m [0m[38;5;249m([0m[38;5;249m{[0m
 [38;5;240m    │[0m                                           ┬  
 [38;5;240m    │[0m                                           ╰── Opened here
 [38;5;240m    │[0m 
 [38;5;246m248 │[0m [38;5;249m}[0m[38;5;249m)[0m[38;5;249m)[0m;
 [38;5;240m    │[0m    ┬  
 [38;5;240m    │[0m    ╰── `,` or `)` expected
[38;5;246m─────╯[0m
[39m
  Plugin: [35mvite:oxc[39m
  File: [36mC:/Users/stvjr/Documents/tabulator/frontend/src/store/useStore.ts[39m
      at transformWithOxc (file:///C:/Users/stvjr/Documents/tabulator/frontend/node_modules/vite/dist/node/chunks/node.js:3745:19)
      at TransformPluginContext.transform (file:///C:/Users/stvjr/Documents/tabulator/frontend/node_modules/vite/dist/node/chunks/node.js:3813:26)
      at EnvironmentPluginContainer.transform (file:///C:/Users/stvjr/Documents/tabulator/frontend/node_modules/vite/dist/node/chunks/node.js:30143:51)
      at async loadAndTransform (file:///C:/Users/stvjr/Documents/tabulator/frontend/node_modules/vite/dist/node/chunks/node.js:24468:26)
      at async viteTransformMiddleware (file:///C:/Users/stvjr/Documents/tabulator/frontend/node_modules/vite/dist/node/chunks/node.js:24262:20)
[2m01.38.17[22m [31m[1m[vite][22m[39m [31m[2m(client)[22m[39m [2m[console.error] [22m[vite] Failed to reload /src/App.tsx. This could be due to syntax errors or importing non-existent modules. (see errors above)
[2m01.38.17[22m [31m[1m[vite][22m[39m [31m[2m(client)[22m[39m [2m[console.error] [22m[vite] Failed to reload /src/components/FilterTab.tsx. This could be due to syntax errors or importing non-existent modules. (see errors above)
[2m01.38.27[22m [36m[1m[vite][22m[39m [90m[2m(client)[22m[39m [32mhmr update [39m[2m/src/App.tsx, /src/components/FilterTab.tsx, /src/index.css[22m
[2m01.38.33[22m [36m[1m[vite][22m[39m [90m[2m(client)[22m[39m [32mhmr update [39m[2m/src/App.tsx, /src/index.css[22m
[2m01.38.42[22m [36m[1m[vite][22m[39m [90m[2m(client)[22m[39m [32mhmr update [39m[2m/src/App.tsx, /src/index.css[22m
[2m01.38.49[22m [36m[1m[vite][22m[39m [90m[2m(client)[22m[39m [32mhmr update [39m[2m/src/App.tsx, /src/index.css[22m
[2m01.39.00[22m [36m[1m[vite][22m[39m [90m[2m(client)[22m[39m [32mhmr update [39m[2m/src/App.tsx, /src/index.css[22m
[2m01.39.33[22m [36m[1m[vite][22m[39m [90m[2m(client)[22m[39m [32mhmr update [39m[2m/src/App.tsx, /src/index.css[22m
[2m01.39.59[22m [36m[1m[vite][22m[39m [90m[2m(client)[22m[39m [32mhmr update [39m[2m/src/App.tsx, /src/index.css[22m
[2m01.43.32[22m [36m[1m[vite][22m[39m [90m[2m(client)[22m[39m [32mhmr update [39m[2m/src/App.tsx, /src/index.css[22m
[2m01.43.41[22m [36m[1m[vite][22m[39m [90m[2m(client)[22m[39m [32mhmr update [39m[2m/src/App.tsx, /src/index.css[22m
[2m01.43.50[22m [36m[1m[vite][22m[39m [90m[2m(client)[22m[39m [32mhmr update [39m[2m/src/App.tsx, /src/components/FilterTab.tsx, /src/index.css[22m
[2m01.43.57[22m [36m[1m[vite][22m[39m [90m[2m(client)[22m[39m [32mhmr update [39m[2m/src/App.tsx, /src/components/FilterTab.tsx, /src/index.css[22m
[2m01.44.08[22m [36m[1m[vite][22m[39m [90m[2m(client)[22m[39m [32mhmr update [39m[2m/src/App.tsx, /src/index.css[22m
[2m01.44.12[22m [36m[1m[vite][22m[39m [90m[2m(client)[22m[39m [32mhmr update [39m[2m/src/App.tsx, /src/index.css[22m
[2m01.44.17[22m [36m[1m[vite][22m[39m [90m[2m(client)[22m[39m [32mhmr update [39m[2m/src/App.tsx, /src/index.css[22m
[2m01.44.22[22m [36m[1m[vite][22m[39m [90m[2m(client)[22m[39m [32mhmr update [39m[2m/src/App.tsx, /src/index.css[22m
[2m01.44.41[22m [36m[1m[vite][22m[39m [90m[2m(client)[22m[39m [32mhmr update [39m[2m/src/App.tsx, /src/index.css[22m
[2m01.47.41[22m [36m[1m[vite][22m[39m [90m[2m(client)[22m[39m [32mhmr update [39m[2m/src/App.tsx, /src/index.css[22m
[2m01.47.48[22m [36m[1m[vite][22m[39m [90m[2m(client)[22m[39m [32mhmr update [39m[2m/src/App.tsx, /src/index.css[22m
[2m01.52.55[22m [36m[1m[vite][22m[39m [90m[2m(client)[22m[39m [32mhmr update [39m[2m/src/App.tsx, /src/index.css[22m
[2m01.52.59[22m [36m[1m[vite][22m[39m [90m[2m(client)[22m[39m [32mhmr update [39m[2m/src/App.tsx, /src/index.css[22m
[2m01.54.16[22m [36m[1m[vite][22m[39m [90m[2m(client)[22m[39m [32mhmr update [39m[2m/src/App.tsx, /src/components/FilterTab.tsx, /src/index.css[22m
[2m01.54.16[22m [31m[1m[vite][22m[39m [31m[2m(client)[22m[39m [2m[console.error] [22m[vite] ReferenceError: persist is not defined
    at http://localhost:5173/src/store/useStore.ts?t=1776624856805:2:25
[2m01.54.16[22m [31m[1m[vite][22m[39m [31m[2m(client)[22m[39m [2m[console.error] [22m[vite] Failed to reload /src/App.tsx. This could be due to syntax errors or importing non-existent modules. (see errors above)
[2m01.54.16[22m [31m[1m[vite][22m[39m [31m[2m(client)[22m[39m [2m[console.error] [22m[vite] ReferenceError: persist is not defined
    at http://localhost:5173/src/store/useStore.ts?t=1776624856805:2:25
[2m01.54.16[22m [31m[1m[vite][22m[39m [31m[2m(client)[22m[39m [2m[console.error] [22m[vite] Failed to reload /src/components/FilterTab.tsx. This could be due to syntax errors or importing non-existent modules. (see errors above)
[2m01.54.21[22m [36m[1m[vite][22m[39m [90m[2m(client)[22m[39m [32mhmr update [39m[2m/src/App.tsx, /src/components/FilterTab.tsx, /src/index.css[22m
[2m01.54.21[22m [31m[1m[vite][22m[39m [31m[2m(client)[22m[39m Pre-transform error: Transform failed with 1 error:

[31m[PARSE_ERROR] Error:[0m Expected a semicolon or an implicit semicolon after a statement, but found none
     [38;5;246m╭[0m[38;5;246m─[0m[38;5;246m[[0m src/store/useStore.ts:286:3 [38;5;246m][0m
     [38;5;246m│[0m
 [38;5;246m286 │[0m [38;5;249m}[0m[38;5;249m)[0m[38;5;249m)[0m[38;5;249m;[0m
 [38;5;240m    │[0m   │ 
 [38;5;240m    │[0m   ╰─ 
 [38;5;240m    │[0m 
 [38;5;240m    │[0m [38;5;115mHelp[0m: Try inserting a semicolon here
[38;5;246m─────╯[0m

  Plugin: [35mvite:oxc[39m
  File: [36mC:/Users/stvjr/Documents/tabulator/frontend/src/store/useStore.ts[39m
[2m01.54.21[22m [31m[1m[vite][22m[39m [31m[2m(client)[22m[39m Pre-transform error: Transform failed with 1 error:

[31m[PARSE_ERROR] Error:[0m Expected a semicolon or an implicit semicolon after a statement, but found none
     [38;5;246m╭[0m[38;5;246m─[0m[38;5;246m[[0m src/store/useStore.ts:286:3 [38;5;246m][0m
     [38;5;246m│[0m
 [38;5;246m286 │[0m [38;5;249m}[0m[38;5;249m)[0m[38;5;249m)[0m[38;5;249m;[0m
 [38;5;240m    │[0m   │ 
 [38;5;240m    │[0m   ╰─ 
 [38;5;240m    │[0m 
 [38;5;240m    │[0m [38;5;115mHelp[0m: Try inserting a semicolon here
[38;5;246m─────╯[0m

  Plugin: [35mvite:oxc[39m
  File: [36mC:/Users/stvjr/Documents/tabulator/frontend/src/store/useStore.ts[39m
[2m01.54.21[22m [31m[1m[vite][22m[39m [31mInternal server error: Transform failed with 1 error:

[31m[PARSE_ERROR] Error:[0m Expected a semicolon or an implicit semicolon after a statement, but found none
     [38;5;246m╭[0m[38;5;246m─[0m[38;5;246m[[0m src/store/useStore.ts:286:3 [38;5;246m][0m
     [38;5;246m│[0m
 [38;5;246m286 │[0m [38;5;249m}[0m[38;5;249m)[0m[38;5;249m)[0m[38;5;249m;[0m
 [38;5;240m    │[0m   │ 
 [38;5;240m    │[0m   ╰─ 
 [38;5;240m    │[0m 
 [38;5;240m    │[0m [38;5;115mHelp[0m: Try inserting a semicolon here
[38;5;246m─────╯[0m
[39m
  Plugin: [35mvite:oxc[39m
  File: [36mC:/Users/stvjr/Documents/tabulator/frontend/src/store/useStore.ts[39m
      at transformWithOxc (file:///C:/Users/stvjr/Documents/tabulator/frontend/node_modules/vite/dist/node/chunks/node.js:3745:19)
      at TransformPluginContext.transform (file:///C:/Users/stvjr/Documents/tabulator/frontend/node_modules/vite/dist/node/chunks/node.js:3813:26)
      at EnvironmentPluginContainer.transform (file:///C:/Users/stvjr/Documents/tabulator/frontend/node_modules/vite/dist/node/chunks/node.js:30143:51)
      at async loadAndTransform (file:///C:/Users/stvjr/Documents/tabulator/frontend/node_modules/vite/dist/node/chunks/node.js:24468:26)
      at async viteTransformMiddleware (file:///C:/Users/stvjr/Documents/tabulator/frontend/node_modules/vite/dist/node/chunks/node.js:24262:20)
[2m01.54.21[22m [31m[1m[vite][22m[39m [31m[2m(client)[22m[39m [2m[console.error] [22m[vite] Failed to reload /src/components/FilterTab.tsx. This could be due to syntax errors or importing non-existent modules. (see errors above)
[2m01.54.21[22m [31m[1m[vite][22m[39m [31m[2m(client)[22m[39m [2m[console.error] [22m[vite] Failed to reload /src/App.tsx. This could be due to syntax errors or importing non-existent modules. (see errors above)
[2m01.54.30[22m [36m[1m[vite][22m[39m [90m[2m(client)[22m[39m [32mhmr update [39m[2m/src/App.tsx, /src/components/FilterTab.tsx, /src/index.css[22m
[2m01.54.30[22m [31m[1m[vite][22m[39m [31m[2m(client)[22m[39m Pre-transform error: Transform failed with 1 error:

[31m[PARSE_ERROR] Error:[0m Expected a semicolon or an implicit semicolon after a statement, but found none
     [38;5;246m╭[0m[38;5;246m─[0m[38;5;246m[[0m src/store/useStore.ts:288:3 [38;5;246m][0m
     [38;5;246m│[0m
 [38;5;246m288 │[0m [38;5;249m}[0m[38;5;249m)[0m[38;5;249m)[0m[38;5;249m;[0m
 [38;5;240m    │[0m   │ 
 [38;5;240m    │[0m   ╰─ 
 [38;5;240m    │[0m 
 [38;5;240m    │[0m [38;5;115mHelp[0m: Try inserting a semicolon here
[38;5;246m─────╯[0m

  Plugin: [35mvite:oxc[39m
  File: [36mC:/Users/stvjr/Documents/tabulator/frontend/src/store/useStore.ts[39m
[2m01.54.30[22m [31m[1m[vite][22m[39m [31m[2m(client)[22m[39m Pre-transform error: Transform failed with 1 error:

[31m[PARSE_ERROR] Error:[0m Expected a semicolon or an implicit semicolon after a statement, but found none
     [38;5;246m╭[0m[38;5;246m─[0m[38;5;246m[[0m src/store/useStore.ts:288:3 [38;5;246m][0m
     [38;5;246m│[0m
 [38;5;246m288 │[0m [38;5;249m}[0m[38;5;249m)[0m[38;5;249m)[0m[38;5;249m;[0m
 [38;5;240m    │[0m   │ 
 [38;5;240m    │[0m   ╰─ 
 [38;5;240m    │[0m 
 [38;5;240m    │[0m [38;5;115mHelp[0m: Try inserting a semicolon here
[38;5;246m─────╯[0m

  Plugin: [35mvite:oxc[39m
  File: [36mC:/Users/stvjr/Documents/tabulator/frontend/src/store/useStore.ts[39m
[2m01.54.30[22m [31m[1m[vite][22m[39m [31mInternal server error: Transform failed with 1 error:

[31m[PARSE_ERROR] Error:[0m Expected a semicolon or an implicit semicolon after a statement, but found none
     [38;5;246m╭[0m[38;5;246m─[0m[38;5;246m[[0m src/store/useStore.ts:288:3 [38;5;246m][0m
     [38;5;246m│[0m
 [38;5;246m288 │[0m [38;5;249m}[0m[38;5;249m)[0m[38;5;249m)[0m[38;5;249m;[0m
 [38;5;240m    │[0m   │ 
 [38;5;240m    │[0m   ╰─ 
 [38;5;240m    │[0m 
 [38;5;240m    │[0m [38;5;115mHelp[0m: Try inserting a semicolon here
[38;5;246m─────╯[0m
[39m
  Plugin: [35mvite:oxc[39m
  File: [36mC:/Users/stvjr/Documents/tabulator/frontend/src/store/useStore.ts[39m
      at transformWithOxc (file:///C:/Users/stvjr/Documents/tabulator/frontend/node_modules/vite/dist/node/chunks/node.js:3745:19)
      at TransformPluginContext.transform (file:///C:/Users/stvjr/Documents/tabulator/frontend/node_modules/vite/dist/node/chunks/node.js:3813:26)
      at EnvironmentPluginContainer.transform (file:///C:/Users/stvjr/Documents/tabulator/frontend/node_modules/vite/dist/node/chunks/node.js:30143:51)
      at async loadAndTransform (file:///C:/Users/stvjr/Documents/tabulator/frontend/node_modules/vite/dist/node/chunks/node.js:24468:26)
      at async viteTransformMiddleware (file:///C:/Users/stvjr/Documents/tabulator/frontend/node_modules/vite/dist/node/chunks/node.js:24262:20)
[2m01.54.30[22m [31m[1m[vite][22m[39m [31m[2m(client)[22m[39m [2m[console.error] [22m[vite] Failed to reload /src/App.tsx. This could be due to syntax errors or importing non-existent modules. (see errors above)
[2m01.54.30[22m [31m[1m[vite][22m[39m [31m[2m(client)[22m[39m [2m[console.error] [22m[vite] Failed to reload /src/components/FilterTab.tsx. This could be due to syntax errors or importing non-existent modules. (see errors above)
[2m01.54.41[22m [36m[1m[vite][22m[39m [90m[2m(client)[22m[39m [32mhmr update [39m[2m/src/App.tsx, /src/components/FilterTab.tsx, /src/index.css[22m
[2m02.02.53[22m [36m[1m[vite][22m[39m [90m[2m(client)[22m[39m [32mhmr update [39m[2m/src/App.tsx, /src/index.css[22m
[2m06.57.06[22m [36m[1m[vite][22m[39m [90m[2m(client)[22m[39m [32mhmr update [39m[2m/src/App.tsx, /src/components/FilterTab.tsx, /src/index.css[22m
[2m06.57.49[22m [36m[1m[vite][22m[39m [90m[2m(client)[22m[39m [32mhmr update [39m[2m/src/index.css[22m
[2m06.58.38[22m [36m[1m[vite][22m[39m [90m[2m(client)[22m[39m [32mhmr update [39m[2m/src/index.css[22m
[2m07.10.05[22m [36m[1m[vite][22m[39m [90m[2m(client)[22m[39m [32mhmr update [39m[2m/src/App.tsx, /src/index.css[22m
[2m07.11.01[22m [36m[1m[vite][22m[39m [90m[2m(client)[22m[39m [32mhmr update [39m[2m/src/App.tsx, /src/index.css[22m
[2m07.11.07[22m [36m[1m[vite][22m[39m [90m[2m(client)[22m[39m [32mhmr update [39m[2m/src/App.tsx, /src/index.css[22m
[2m07.11.12[22m [36m[1m[vite][22m[39m [90m[2m(client)[22m[39m [32mhmr update [39m[2m/src/App.tsx, /src/index.css[22m
[2m07.11.12[22m [31m[1m[vite][22m[39m [31m[2m(client)[22m[39m [2m[console.error] [22mThe final argument passed to useLayoutEffect changed size between renders. The order and size of this array must remain constant.

Previous: [(event) => {
		setActiveDragId(null);
		const { active, over } = event;
		if (!over || !activeTableId || !dataLoaded) return;
		const activeId = String(active.id);
		if (activeId.startsWith("zone-item:")) {
			const [, sourceZone, itemId] = activeId.split(":");
			const targetZone = over.id === "row-zone" ? "row" : over.id === "col-zone" ? "col" : null;
			if (!targetZone || sourceZone === targetZone) return;
			const activeTable = tables.find((t) => t.id === activeTableId);
			if (!activeTable) return;
			if (sourceZone === "row" && targetZone === "col") {
				const item = activeTable.row_items.find((i) => i.id === itemId);
				if (item) {
					removeRowItem(activeTableId, itemId);
					addColItem(activeTableId, item);
				}
			} else if (sourceZone === "col" && targetZone === "row") {
				const item = activeTable.col_items.find((i) => i.id === itemId);
				if (item) {
					removeColItem(activeTableId, itemId);
					addRowItem(activeTableId, item);
				}
			}
			return;
		}
		const varName = activeId;
		const varInfo = variables[varName];
		if (!varInfo?.codes?.length) return;
		const allCodes = varInfo.codes.map((c) => c.code).join(",");
		if (over.id === "row-zone") addRowItem(activeTableId, {
			id: uuidv4(),
			variable: varName,
			codeDef: allCodes
		});
		else if (over.id === "col-zone") addColItem(activeTableId, {
			id: uuidv4(),
			variable: varName,
			codeDef: allCodes
		});
		else if (over.id === "filter-zone") {
			const filterItem = {
				id: uuidv4(),
				variable: varName,
				condition: "includes_any",
				selectedCodes: []
			};
			addFilterItem(activeTableId, filterItem);
		}
	}]
Incoming: [(event) => setActiveDragId(String(event.active.id)), (event) => {
		setActiveDragId(null);
		const { active, over } = event;
		if (!over || !activeTableId || !dataLoaded) return;
		const activeId = String(active.id);
		if (activeId.startsWith("zone-item:")) {
			const [, sourceZone, itemId] = activeId.split(":");
			const targetZone = over.id === "row-zone" ? "row" : over.id === "col-zone" ? "col" : null;
			if (!targetZone || sourceZone === targetZone) return;
			const activeTable = tables.find((t) => t.id === activeTableId);
			if (!activeTable) return;
			if (sourceZone === "row" && targetZone === "col") {
				const item = activeTable.row_items.find((i) => i.id === itemId);
				if (item) {
					removeRowItem(activeTableId, itemId);
					addColItem(activeTableId, item);
				}
			} else if (sourceZone === "col" && targetZone === "row") {
				const item = activeTable.col_items.find((i) => i.id === itemId);
				if (item) {
					removeColItem(activeTableId, itemId);
					addRowItem(activeTableId, item);
				}
			}
			return;
		}
		const varName = activeId;
		const varInfo = variables[varName];
		if (!varInfo?.codes?.length) return;
		const allCodes = varInfo.codes.map((c) => c.code).join(",");
		if (over.id === "row-zone") addRowItem(activeTableId, {
			id: uuidv4(),
			variable: varName,
			codeDef: allCodes
		});
		else if (over.id === "col-zone") addColItem(activeTableId, {
			id: uuidv4(),
			variable: varName,
			codeDef: allCodes
		});
		else if (over.id === "filter-zone") {
			const filterItem = {
				id: uuidv4(),
				variable: varName,
				condition: "includes_any",
				selectedCodes: []
			};
			addFilterItem(activeTableId, filterItem);
		}
	}, () => setActiveDragId(null)]
[2m07.11.12[22m [31m[1m[vite][22m[39m [31m[2m(client)[22m[39m [2m[console.error] [22mThe final argument passed to useLayoutEffect changed size between renders. The order and size of this array must remain constant.

Previous: [(event) => {
		setActiveDragId(null);
		const { active, over } = event;
		if (!over || !activeTableId || !dataLoaded) return;
		const activeId = String(active.id);
		if (activeId.startsWith("zone-item:")) {
			const [, sourceZone, itemId] = activeId.split(":");
			const targetZone = over.id === "row-zone" ? "row" : over.id === "col-zone" ? "col" : null;
			if (!targetZone || sourceZone === targetZone) return;
			const activeTable = tables.find((t) => t.id === activeTableId);
			if (!activeTable) return;
			if (sourceZone === "row" && targetZone === "col") {
				const item = activeTable.row_items.find((i) => i.id === itemId);
				if (item) {
					removeRowItem(activeTableId, itemId);
					addColItem(activeTableId, item);
				}
			} else if (sourceZone === "col" && targetZone === "row") {
				const item = activeTable.col_items.find((i) => i.id === itemId);
				if (item) {
					removeColItem(activeTableId, itemId);
					addRowItem(activeTableId, item);
				}
			}
			return;
		}
		const varName = activeId;
		const varInfo = variables[varName];
		if (!varInfo?.codes?.length) return;
		const allCodes = varInfo.codes.map((c) => c.code).join(",");
		if (over.id === "row-zone") addRowItem(activeTableId, {
			id: uuidv4(),
			variable: varName,
			codeDef: allCodes
		});
		else if (over.id === "col-zone") addColItem(activeTableId, {
			id: uuidv4(),
			variable: varName,
			codeDef: allCodes
		});
		else if (over.id === "filter-zone") {
			const filterItem = {
				id: uuidv4(),
				variable: varName,
				condition: "includes_any",
				selectedCodes: []
			};
			addFilterItem(activeTableId, filterItem);
		}
	}]
Incoming: [(event) => setActiveDragId(String(event.active.id)), (event) => {
		setActiveDragId(null);
		const { active, over } = event;
		if (!over || !activeTableId || !dataLoaded) return;
		const activeId = String(active.id);
		if (activeId.startsWith("zone-item:")) {
			const [, sourceZone, itemId] = activeId.split(":");
			const targetZone = over.id === "row-zone" ? "row" : over.id === "col-zone" ? "col" : null;
			if (!targetZone || sourceZone === targetZone) return;
			const activeTable = tables.find((t) => t.id === activeTableId);
			if (!activeTable) return;
			if (sourceZone === "row" && targetZone === "col") {
				const item = activeTable.row_items.find((i) => i.id === itemId);
				if (item) {
					removeRowItem(activeTableId, itemId);
					addColItem(activeTableId, item);
				}
			} else if (sourceZone === "col" && targetZone === "row") {
				const item = activeTable.col_items.find((i) => i.id === itemId);
				if (item) {
					removeColItem(activeTableId, itemId);
					addRowItem(activeTableId, item);
				}
			}
			return;
		}
		const varName = activeId;
		const varInfo = variables[varName];
		if (!varInfo?.codes?.length) return;
		const allCodes = varInfo.codes.map((c) => c.code).join(",");
		if (over.id === "row-zone") addRowItem(activeTableId, {
			id: uuidv4(),
			variable: varName,
			codeDef: allCodes
		});
		else if (over.id === "col-zone") addColItem(activeTableId, {
			id: uuidv4(),
			variable: varName,
			codeDef: allCodes
		});
		else if (over.id === "filter-zone") {
			const filterItem = {
				id: uuidv4(),
				variable: varName,
				condition: "includes_any",
				selectedCodes: []
			};
			addFilterItem(activeTableId, filterItem);
		}
	}, () => setActiveDragId(null)]
[2m07.11.32[22m [36m[1m[vite][22m[39m [90m[2m(client)[22m[39m [32mhmr update [39m[2m/src/App.tsx, /src/index.css[22m
[2m07.11.39[22m [36m[1m[vite][22m[39m [90m[2m(client)[22m[39m [32mhmr update [39m[2m/src/App.tsx, /src/index.css[22m
[2m07.17.19[22m [36m[1m[vite][22m[39m [90m[2m(client)[22m[39m [32mhmr update [39m[2m/src/App.tsx, /src/index.css[22m
[2m07.17.33[22m [36m[1m[vite][22m[39m [90m[2m(client)[22m[39m [32mhmr update [39m[2m/src/App.tsx, /src/index.css[22m
[2m07.46.54[22m [36m[1m[vite][22m[39m [90m[2m(client)[22m[39m [32mhmr update [39m[2m/src/App.tsx, /src/index.css[22m
[2m07.49.40[22m [36m[1m[vite][22m[39m [90m[2m(client)[22m[39m [32mhmr update [39m[2m/src/App.tsx, /src/index.css[22m
[2m07.52.28[22m [36m[1m[vite][22m[39m [90m[2m(client)[22m[39m [32mhmr update [39m[2m/src/App.tsx, /src/components/FilterTab.tsx, /src/index.css[22m
[2m07.52.30[22m [36m[1m[vite][22m[39m [90m[2m(client)[22m[39m [32mhmr update [39m[2m/src/App.tsx, /src/components/FilterTab.tsx, /src/index.css[22m
[2m07.52.33[22m [36m[1m[vite][22m[39m [90m[2m(client)[22m[39m [32mhmr update [39m[2m/src/App.tsx, /src/components/FilterTab.tsx, /src/index.css[22m
[2m07.52.39[22m [36m[1m[vite][22m[39m [90m[2m(client)[22m[39m [32mhmr update [39m[2m/src/App.tsx, /src/components/FilterTab.tsx, /src/index.css[22m
[2m07.52.46[22m [36m[1m[vite][22m[39m [90m[2m(client)[22m[39m [32mhmr update [39m[2m/src/App.tsx, /src/index.css[22m
[2m07.52.47[22m [31m[1m[vite][22m[39m [31m[2m(client)[22m[39m [31m[Unhandled error] [1mReferenceError[22m: BuildPageLayout is not defined
[39m > App src/App.tsx:786:15
    784 |            <Routes>
    785 |              <Route path="/build" element={
    786 |                <BuildPageLayout onLoadSample={handleLoadSample} loading={loading} />
        |                 ^
    787 |              } />
    788 |              <Route path="/edit-variables" element={
 > Object.react_stack_bottom_frame node_modules/react-dom/cjs/react-dom-client.development.js:25904:19
 > renderWithHooks node_modules/react-dom/cjs/react-dom-client.development.js:7662:21
 > updateFunctionComponent node_modules/react-dom/cjs/react-dom-client.development.js:10166:18
 > beginWork node_modules/react-dom/cjs/react-dom-client.development.js:11778:17
 > runWithFiberInDEV node_modules/react-dom/cjs/react-dom-client.development.js:871:29
 > performUnitOfWork node_modules/react-dom/cjs/react-dom-client.development.js:17641:21
 > workLoopSync node_modules/react-dom/cjs/react-dom-client.development.js:17469:40
 > renderRootSync node_modules/react-dom/cjs/react-dom-client.development.js:17450:10
 > performWorkOnRoot node_modules/react-dom/cjs/react-dom-client.development.js:16583:34

[2m07.52.47[22m [33m[1m[vite][22m[39m [33m[2m(client)[22m[39m [2m[console.warn] [22mAn error occurred in the <App> component.

Consider adding an error boundary to your tree to customize error handling behavior.
Visit https://react.dev/link/error-boundaries to learn more about error boundaries.

[2m07.52.58[22m [36m[1m[vite][22m[39m [90m[2m(client)[22m[39m [32mhmr update [39m[2m/src/App.tsx, /src/index.css[22m
[2m07.54.10[22m [36m[1m[vite][22m[39m [90m[2m(client)[22m[39m [32mhmr update [39m[2m/src/App.tsx, /src/index.css[22m
[2m07.54.14[22m [36m[1m[vite][22m[39m [90m[2m(client)[22m[39m [32mhmr update [39m[2m/src/App.tsx, /src/index.css[22m
[2m07.54.22[22m [36m[1m[vite][22m[39m [90m[2m(client)[22m[39m [32mhmr update [39m[2m/src/App.tsx, /src/index.css[22m
[2m07.54.26[22m [36m[1m[vite][22m[39m [90m[2m(client)[22m[39m [32mhmr update [39m[2m/src/App.tsx, /src/index.css[22m
[2m07.54.32[22m [36m[1m[vite][22m[39m [90m[2m(client)[22m[39m [32mhmr update [39m[2m/src/App.tsx, /src/index.css[22m
[2m08.21.30[22m [36m[1m[vite][22m[39m [90m[2m(client)[22m[39m [32mhmr update [39m[2m/src/index.css[22m
[2m08.21.32[22m [36m[1m[vite][22m[39m [90m[2m(client)[22m[39m [32mhmr update [39m[2m/src/index.css[22m
[2m08.23.06[22m [36m[1m[vite][22m[39m [90m[2m(client)[22m[39m [32mhmr update [39m[2m/src/App.tsx, /src/index.css[22m
